Arguments: 
  C:\Program Files\nodejs\node.exe C:\Program Files (x86)\Yarn\bin\yarn.js add -D @typescript-eslint/eslint-plugin @typescript-eslint/eslint-parser eslint-config-prettier eslint-plugin-prettier prettier

PATH: 
  C:\Program Files\Common Files\Oracle\Java\javapath;C:\Python312\Scripts\;C:\Python312\;C:\WINDOWS\system32;C:\WINDOWS;C:\WINDOWS\System32\Wbem;C:\WINDOWS\System32\WindowsPowerShell\v1.0\;C:\WINDOWS\System32\OpenSSH\;C:\Program Files\nodejs\;C:\ProgramData\chocolatey\bin;C:\Program Files (x86)\Yarn\bin\;C:\Program Files\Git\cmd;C:\Program Files\Java\jdk-21\bin;C:\Users\Сергей\AppData\Local\Microsoft\WindowsApps;;C:\Users\Сергей\AppData\Local\Programs\Microsoft VS Code\bin;C:\Users\Сергей\AppData\Roaming\npm;C:\Users\Сергей\AppData\Local\Yarn\bin

Yarn version: 
  1.22.5

Node version: 
  20.11.0

Platform: 
  win32 x64

Trace: 
  Error: https://registry.yarnpkg.com/@typescript-eslint%2feslint-parser: Not found
      at params.callback [as _callback] (C:\Program Files (x86)\Yarn\lib\cli.js:66097:18)
      at self.callback (C:\Program Files (x86)\Yarn\lib\cli.js:140749:22)
      at Request.emit (node:events:518:28)
      at Request.<anonymous> (C:\Program Files (x86)\Yarn\lib\cli.js:141721:10)
      at Request.emit (node:events:518:28)
      at IncomingMessage.<anonymous> (C:\Program Files (x86)\Yarn\lib\cli.js:141643:12)
      at Object.onceWrapper (node:events:632:28)
      at IncomingMessage.emit (node:events:530:35)
      at endReadableNT (node:internal/streams/readable:1696:12)
      at process.processTicksAndRejections (node:internal/process/task_queues:82:21)

npm manifest: 
  {
    "name": "shop-nextjs",
    "version": "0.1.0",
    "private": true,
    "scripts": {
      "dev": "next dev --turbo",
      "build": "next build",
      "start": "next start",
      "lint": "next lint"
    },
    "dependencies": {
      "react": "^18",
      "react-dom": "^18",
      "next": "14.1.0"
    },
    "devDependencies": {
      "typescript": "^5",
      "@types/node": "^20",
      "@types/react": "^18",
      "@types/react-dom": "^18",
      "eslint": "^8",
      "eslint-config-next": "14.1.0"
    }
  }

yarn manifest: 
  No manifest

Lockfile: 
  No lockfile
